<?xml version="1.0" encoding="UTF-8"?>
<!-- Generated by org.testng.reporters.JUnitReportReporter -->
<testsuite skipped="0" hostname="ADMIN-PC" name="com.qa.hms.testcases.LoginPageTest" tests="2" failures="0" timestamp="05 Oct 2018 18:06:45 GMT" time="23.148" errors="0">
  <testcase name="verifytitleTest" time="13.397" classname="com.qa.hms.testcases.LoginPageTest"/>
  <testcase name="verifyloginTest" time="9.751" classname="com.qa.hms.testcases.LoginPageTest"/>
</testsuite> <!-- com.qa.hms.testcases.LoginPageTest -->
