<?xml version="1.0" encoding="UTF-8"?>
<!-- Generated by org.testng.reporters.JUnitReportReporter -->
<testsuite skipped="3" hostname="WINCTRL-0U6H77H" name="com.qa.hms.testcases.HomePageTest" tests="4" failures="0" timestamp="21 Sep 2018 12:58:46 GMT" time="31.424" errors="0">
  <testcase name="clickOnRegstrnLinkTest" time="31.424" classname="com.qa.hms.testcases.HomePageTest"/>
  <testcase name="verifyImageTest" classname="com.qa.hms.testcases.HomePageTest">
    <skipped/>
  </testcase> <!-- verifyImageTest -->
  <testcase name="clickonFeedbackFormPageTest" classname="com.qa.hms.testcases.HomePageTest">
    <skipped/>
  </testcase> <!-- clickonFeedbackFormPageTest -->
  <testcase name="VerifyTitleTest" classname="com.qa.hms.testcases.HomePageTest">
    <skipped/>
  </testcase> <!-- VerifyTitleTest -->
</testsuite> <!-- com.qa.hms.testcases.HomePageTest -->
