<?xml version="1.0" encoding="UTF-8"?>
<!-- Generated by org.testng.reporters.JUnitReportReporter -->
<testsuite skipped="0" hostname="WINCTRL-0U6H77H" name="com.qa.hms.testcases.FeedbackFormPageTest" tests="5" failures="0" timestamp="21 Sep 2018 09:06:30 GMT" time="60.707" errors="0">
  <testcase name="verifyPageTitle" time="9.869" classname="com.qa.hms.testcases.FeedbackFormPageTest"/>
  <testcase name="verifyfeedbackformFillTest" time="12.964" classname="com.qa.hms.testcases.FeedbackFormPageTest"/>
  <testcase name="verifyfeedbackformFillTest" time="14.262" classname="com.qa.hms.testcases.FeedbackFormPageTest"/>
  <testcase name="verifyfeedbackformFillTest" time="11.763" classname="com.qa.hms.testcases.FeedbackFormPageTest"/>
  <testcase name="verifyfeedbackformFillTest" time="11.849" classname="com.qa.hms.testcases.FeedbackFormPageTest"/>
</testsuite> <!-- com.qa.hms.testcases.FeedbackFormPageTest -->
